2025-03-21T23:09:31.538+05:30  INFO 14472 --- [OnlineBookStoreApp] [main] c.aditya.OnlineBookStoreAppApplication   : Starting OnlineBookStoreAppApplication using Java 23.0.2 with PID 14472 (C:\Users\Admin\eclipse-workspace\OnlineBookStoreApp\target\classes started by Admin in C:\Users\Admin\eclipse-workspace\OnlineBookStoreApp)
2025-03-21T23:09:31.543+05:30 DEBUG 14472 --- [OnlineBookStoreApp] [main] c.aditya.OnlineBookStoreAppApplication   : Running with Spring Boot v3.3.9, Spring v6.1.17
2025-03-21T23:09:31.544+05:30  INFO 14472 --- [OnlineBookStoreApp] [main] c.aditya.OnlineBookStoreAppApplication   : No active profile set, falling back to 1 default profile: "default"
2025-03-21T23:09:32.942+05:30  INFO 14472 --- [OnlineBookStoreApp] [main] .s.d.r.c.RepositoryConfigurationDelegate : Bootstrapping Spring Data JPA repositories in DEFAULT mode.
2025-03-21T23:09:33.079+05:30  INFO 14472 --- [OnlineBookStoreApp] [main] .s.d.r.c.RepositoryConfigurationDelegate : Finished Spring Data repository scanning in 115 ms. Found 1 JPA repository interface.
2025-03-21T23:09:33.953+05:30  INFO 14472 --- [OnlineBookStoreApp] [main] o.s.b.w.embedded.tomcat.TomcatWebServer  : Tomcat initialized with port 8080 (http)
2025-03-21T23:09:33.992+05:30  INFO 14472 --- [OnlineBookStoreApp] [main] o.apache.catalina.core.StandardService   : Starting service [Tomcat]
2025-03-21T23:09:33.993+05:30  INFO 14472 --- [OnlineBookStoreApp] [main] o.apache.catalina.core.StandardEngine    : Starting Servlet engine: [Apache Tomcat/10.1.36]
2025-03-21T23:09:34.129+05:30  INFO 14472 --- [OnlineBookStoreApp] [main] o.a.c.c.C.[Tomcat].[localhost].[/]       : Initializing Spring embedded WebApplicationContext
2025-03-21T23:09:34.131+05:30  INFO 14472 --- [OnlineBookStoreApp] [main] w.s.c.ServletWebServerApplicationContext : Root WebApplicationContext: initialization completed in 2427 ms
2025-03-21T23:09:34.443+05:30  INFO 14472 --- [OnlineBookStoreApp] [main] o.hibernate.jpa.internal.util.LogHelper  : HHH000204: Processing PersistenceUnitInfo [name: default]
2025-03-21T23:09:34.550+05:30  INFO 14472 --- [OnlineBookStoreApp] [main] org.hibernate.Version                    : HHH000412: Hibernate ORM core version 6.5.3.Final
2025-03-21T23:09:34.615+05:30  INFO 14472 --- [OnlineBookStoreApp] [main] o.h.c.internal.RegionFactoryInitiator    : HHH000026: Second-level cache disabled
2025-03-21T23:09:35.321+05:30  INFO 14472 --- [OnlineBookStoreApp] [main] o.s.o.j.p.SpringPersistenceUnitInfo      : No LoadTimeWeaver setup: ignoring JPA class transformer
2025-03-21T23:09:35.382+05:30  INFO 14472 --- [OnlineBookStoreApp] [main] com.zaxxer.hikari.HikariDataSource       : HikariPool-1 - Starting...
2025-03-21T23:09:36.226+05:30  INFO 14472 --- [OnlineBookStoreApp] [main] com.zaxxer.hikari.pool.HikariPool        : HikariPool-1 - Added connection com.mysql.cj.jdbc.ConnectionImpl@4e2109fe
2025-03-21T23:09:36.230+05:30  INFO 14472 --- [OnlineBookStoreApp] [main] com.zaxxer.hikari.HikariDataSource       : HikariPool-1 - Start completed.
2025-03-21T23:09:36.344+05:30  WARN 14472 --- [OnlineBookStoreApp] [main] org.hibernate.orm.deprecation            : HHH90000025: MySQL8Dialect does not need to be specified explicitly using 'hibernate.dialect' (remove the property setting and it will be selected by default)
2025-03-21T23:09:36.347+05:30  WARN 14472 --- [OnlineBookStoreApp] [main] org.hibernate.orm.deprecation            : HHH90000026: MySQL8Dialect has been deprecated; use org.hibernate.dialect.MySQLDialect instead
2025-03-21T23:09:37.662+05:30  INFO 14472 --- [OnlineBookStoreApp] [main] o.h.m.i.EntityInstantiatorPojoStandard   : HHH000182: No default (no-argument) constructor for class: com.aditya.entities.Book (class must be instantiated by Interceptor)
2025-03-21T23:09:37.958+05:30  INFO 14472 --- [OnlineBookStoreApp] [main] o.h.e.t.j.p.i.JtaPlatformInitiator       : HHH000489: No JTA platform available (set 'hibernate.transaction.jta.platform' to enable JTA platform integration)
2025-03-21T23:09:38.085+05:30  INFO 14472 --- [OnlineBookStoreApp] [main] j.LocalContainerEntityManagerFactoryBean : Initialized JPA EntityManagerFactory for persistence unit 'default'
2025-03-21T23:09:38.619+05:30  WARN 14472 --- [OnlineBookStoreApp] [main] JpaBaseConfiguration$JpaWebConfiguration : spring.jpa.open-in-view is enabled by default. Therefore, database queries may be performed during view rendering. Explicitly configure spring.jpa.open-in-view to disable this warning
2025-03-21T23:09:39.252+05:30  INFO 14472 --- [OnlineBookStoreApp] [main] o.s.b.w.embedded.tomcat.TomcatWebServer  : Tomcat started on port 8080 (http) with context path '/'
2025-03-21T23:09:39.279+05:30  INFO 14472 --- [OnlineBookStoreApp] [main] c.aditya.OnlineBookStoreAppApplication   : Started OnlineBookStoreAppApplication in 8.612 seconds (process running for 10.261)
2025-03-21T23:11:50.725+05:30  INFO 14472 --- [OnlineBookStoreApp] [RMI TCP Connection(6)-127.0.0.1] inMXBeanRegistrar$SpringApplicationAdmin : Application shutdown requested.
2025-03-21T23:11:50.752+05:30  INFO 14472 --- [OnlineBookStoreApp] [RMI TCP Connection(6)-127.0.0.1] j.LocalContainerEntityManagerFactoryBean : Closing JPA EntityManagerFactory for persistence unit 'default'
2025-03-21T23:11:50.756+05:30  INFO 14472 --- [OnlineBookStoreApp] [RMI TCP Connection(6)-127.0.0.1] com.zaxxer.hikari.HikariDataSource       : HikariPool-1 - Shutdown initiated...
2025-03-21T23:11:50.795+05:30  INFO 14472 --- [OnlineBookStoreApp] [RMI TCP Connection(6)-127.0.0.1] com.zaxxer.hikari.HikariDataSource       : HikariPool-1 - Shutdown completed.
